\BOOKMARK [1][-]{section.1}{\376\377\000I\000n\000t\000r\000o\000d\000u\000c\000t\000i\000o\000n}{}% 1
\BOOKMARK [1][-]{section.2}{\376\377\000F\000o\000u\000n\000d\000a\000t\000i\000o\000n\000a\000l\000\040\000A\000s\000s\000u\000m\000p\000t\000i\000o\000n\000s}{}% 2
\BOOKMARK [1][-]{section.3}{\376\377\000E\000n\000t\000r\000o\000p\000y\000\040\000C\000o\000l\000l\000a\000p\000s\000e\000\040\000M\000e\000c\000h\000a\000n\000i\000s\000m}{}% 3
\BOOKMARK [1][-]{section.4}{\376\377\000F\000i\000e\000l\000d\000\040\000T\000h\000e\000o\000r\000y\000\040\000F\000o\000r\000m\000u\000l\000a\000t\000i\000o\000n\000\040\000o\000f\000\040\000E\000n\000t\000r\000o\000p\000y\000\040\000C\000o\000l\000l\000a\000p\000s\000e}{}% 4
\BOOKMARK [2][-]{subsection.4.1}{\376\377\000E\000q\000u\000a\000t\000i\000o\000n\000\040\000S\000e\000t\000\040\000a\000n\000d\000\040\000C\000o\000l\000l\000a\000p\000s\000e\000\040\000T\000h\000r\000e\000s\000h\000o\000l\000d}{section.4}% 5
\BOOKMARK [1][-]{section.5}{\376\377\000D\000i\000s\000c\000u\000s\000s\000i\000o\000n\000\040\000a\000n\000d\000\040\000C\000h\000a\000l\000l\000e\000n\000g\000e\000s}{}% 6
\BOOKMARK [1][-]{section.6}{\376\377\000C\000o\000n\000c\000l\000u\000s\000i\000o\000n\000\040\000a\000n\000d\000\040\000N\000e\000x\000t\000\040\000S\000t\000e\000p\000s}{}% 7
\BOOKMARK [1][-]{section.7}{\376\377\000F\000i\000g\000u\000r\000e\000\040\000A\000n\000a\000l\000y\000s\000i\000s\000\040\000a\000n\000d\000\040\000S\000i\000m\000u\000l\000a\000t\000i\000o\000n\000\040\000R\000e\000s\000u\000l\000t\000s}{}% 8
\BOOKMARK [1][-]{section.8}{\376\377\000D\000i\000m\000e\000n\000s\000i\000o\000n\000a\000l\000\040\000S\000t\000a\000b\000i\000l\000i\000z\000a\000t\000i\000o\000n\000\040\000a\000n\000d\000\040\000Q\000u\000a\000n\000t\000u\000m\000\040\000C\000o\000n\000v\000e\000r\000g\000e\000n\000c\000e}{}% 9
\BOOKMARK [1][-]{section.9}{\376\377\000D\000i\000s\000c\000u\000s\000s\000i\000o\000n\000\040\000a\000n\000d\000\040\000C\000h\000a\000l\000l\000e\000n\000g\000e\000s}{}% 10
\BOOKMARK [1][-]{section.10}{\376\377\000C\000o\000n\000c\000l\000u\000s\000i\000o\000n\000\040\000a\000n\000d\000\040\000N\000e\000x\000t\000\040\000S\000t\000e\000p\000s}{}% 11
\BOOKMARK [1][-]{appendix.A}{\376\377\000A\000p\000p\000e\000n\000d\000i\000x\000\040\000A\000:\000\040\000T\000i\000m\000e\000l\000i\000n\000e\000\040\000o\000f\000\040\000S\000c\000r\000i\000p\000t\000\040\000D\000e\000v\000e\000l\000o\000p\000m\000e\000n\000t}{}% 12
\BOOKMARK [1][-]{appendix.B}{\376\377\000A\000p\000p\000e\000n\000d\000i\000x\000\040\000B\000:\000\040\000F\000i\000g\000u\000r\000e\000\040\000D\000e\000v\000e\000l\000o\000p\000m\000e\000n\000t\000\040\000P\000h\000a\000s\000e\000s}{}% 13
\BOOKMARK [1][-]{appendix.C}{\376\377\000T\000o\000y\000\040\000M\000o\000d\000e\000l\000:\000\040\000E\000n\000t\000r\000o\000p\000y\000\040\000G\000r\000a\000d\000i\000e\000n\000t\000\040\000a\000n\000d\000\040\000E\000m\000e\000r\000g\000e\000n\000t\000\040\000G\000r\000a\000v\000i\000t\000y}{}% 14
\BOOKMARK [1][-]{appendix.D}{\376\377\000B\000a\000c\000k\000g\000r\000o\000u\000n\000d\000\040\000a\000n\000d\000\040\000M\000o\000t\000i\000v\000a\000t\000i\000o\000n}{}% 15
\BOOKMARK [1][-]{appendix.E}{\376\377\000T\000h\000e\000\040\000B\000r\000u\000n\000o\000\040\000C\000o\000n\000s\000t\000a\000n\000t\000\040\000a\000n\000d\000\040\000E\000n\000t\000r\000o\000p\000y\000\040\000B\000o\000u\000n\000d\000a\000r\000y}{}% 16
\BOOKMARK [1][-]{appendix.F}{\376\377\000V\000o\000l\000u\000m\000e\000\040\000C\000o\000m\000p\000r\000e\000s\000s\000i\000o\000n\000\040\000a\000n\000d\000\040\000E\000n\000t\000r\000o\000p\000y\000\040\000D\000e\000n\000s\000i\000t\000y}{}% 17
\BOOKMARK [1][-]{appendix.G}{\376\377\000S\000u\000r\000f\000a\000c\000e\000\040\000E\000n\000c\000o\000d\000i\000n\000g\000\040\000a\000n\000d\000\040\000H\000o\000l\000o\000g\000r\000a\000p\000h\000i\000c\000\040\000C\000o\000n\000s\000i\000s\000t\000e\000n\000c\000y}{}% 18
\BOOKMARK [1][-]{appendix.H}{\376\377\000D\000i\000s\000c\000u\000s\000s\000i\000o\000n\000\040\000a\000n\000d\000\040\000I\000m\000p\000l\000i\000c\000a\000t\000i\000o\000n\000s}{}% 19
\BOOKMARK [1][-]{appendix.I}{\376\377\000C\000o\000n\000c\000l\000u\000s\000i\000o\000n}{}% 20
